    Checking game-time-tracker v0.1.0 (C:\home\code\game-time-tracker)
error: unused import: `PathBuf`
 --> src\store.rs:2:23
  |
2 | use std::path::{Path, PathBuf};
  |                       ^^^^^^^
  |
  = note: `-D unused-imports` implied by `-D warnings`
  = help: to override `-D warnings` add `#[allow(unused_imports)]`

error: variable does not need to be mutable
  --> src\tracker.rs:32:13
   |
32 |         let mut state: State = store::load(&state_path)?.unwrap_or_default();
   |             ----^^^^^
   |             |
   |             help: remove this `mut`
   |
   = note: `-D unused-mut` implied by `-D warnings`
   = help: to override `-D warnings` add `#[allow(unused_mut)]`

error: this `if` statement can be collapsed
  --> src\config.rs:13:5
   |
13 | /     if !path.exists() {
14 | |         if let Err(e) = std::fs::create_dir_all(&path) {
15 | |             warn!(
16 | |                 "Failed to create data directory at {}: {}",
...  |
21 | |     }
   | |_____^
   |
   = help: for further information visit https://rust-lang.github.io/rust-clippy/rust-1.93.0/index.html#collapsible_if
   = note: `-D clippy::collapsible-if` implied by `-D warnings`
   = help: to override `-D warnings` add `#[allow(clippy::collapsible_if)]`
help: collapse nested if block
   |
13 ~     if !path.exists()
14 ~         && let Err(e) = std::fs::create_dir_all(&path) {
15 |             warn!(
...
19 |             );
20 ~         }
   |

error: you seem to want to iterate on a map's values
  --> src\process.rs:21:32
   |
21 |         for (_pid, process) in self.sys.processes() {
   |                                ^^^^^^^^^^^^^^^^^^^^
   |
   = help: for further information visit https://rust-lang.github.io/rust-clippy/rust-1.93.0/index.html#for_kv_map
   = note: `-D clippy::for-kv-map` implied by `-D warnings`
   = help: to override `-D warnings` add `#[allow(clippy::for_kv_map)]`
help: use the corresponding method
   |
21 -         for (_pid, process) in self.sys.processes() {
21 +         for process in self.sys.processes().values() {
   |

error: this `if` statement can be collapsed
  --> src\process.rs:22:13
   |
22 | /             if let Some(name) = process.name().to_str() {
23 | |                 if name.to_lowercase() == target {
24 | |                     return true;
25 | |                 }
26 | |             }
   | |_____________^
   |
   = help: for further information visit https://rust-lang.github.io/rust-clippy/rust-1.93.0/index.html#collapsible_if
help: collapse nested if block
   |
22 ~             if let Some(name) = process.name().to_str()
23 ~                 && name.to_lowercase() == target {
24 |                     return true;
25 ~                 }
   |

error: this `if` statement can be collapsed
   --> src\tracker.rs:127:13
    |
127 | /             if sessions_changed {
128 | |                 if let Some(sessions) = all_sessions {
129 | |                     store::save(&sessions, &sessions_path)?;
130 | |                 }
131 | |             }
    | |_____________^
    |
    = help: for further information visit https://rust-lang.github.io/rust-clippy/rust-1.93.0/index.html#collapsible_if
help: collapse nested if block
    |
127 ~             if sessions_changed
128 ~                 && let Some(sessions) = all_sessions {
129 |                     store::save(&sessions, &sessions_path)?;
130 ~                 }
    |

error: could not compile `game-time-tracker` (bin "game-time-tracker") due to 6 previous errors
