    Checking windows-link v0.2.1
   Compiling proc-macro2 v1.0.106
   Compiling quote v1.0.44
   Compiling unicode-ident v1.0.24
    Checking memchr v2.8.0
   Compiling winapi-x86_64-pc-windows-gnu v0.4.0
   Compiling serde_core v1.0.228
    Checking utf8parse v0.2.2
    Checking once_cell_polyfill v1.70.2
    Checking anstyle v1.0.13
    Checking colorchoice v1.0.4
   Compiling winapi v0.3.9
    Checking is_terminal_polyfill v1.70.2
    Checking regex-syntax v0.8.10
   Compiling autocfg v1.5.0
   Compiling serde v1.0.228
    Checking windows-sys v0.61.2
    Checking windows-result v0.4.1
    Checking windows-strings v0.5.1
    Checking anstyle-parse v0.2.7
error: linker `link.exe` not found
  |
  = note: program not found

note: the msvc targets depend on the msvc linker but `link.exe` was not found

note: please ensure that Visual Studio 2017 or later, or Build Tools for Visual Studio were installed with the Visual C++ option.

note: VS Code is a different product, and is not sufficient.

error: could not compile `winapi-x86_64-pc-windows-gnu` (build script) due to 1 previous error
warning: build failed, waiting for other jobs to finish...
error: could not compile `quote` (build script) due to 1 previous error
error: could not compile `proc-macro2` (build script) due to 1 previous error
error: could not compile `serde` (build script) due to 1 previous error
error: could not compile `serde_core` (build script) due to 1 previous error
error: could not compile `winapi` (build script) due to 1 previous error
